  [1m[36mActiveRecord::SchemaMigration Load (0.5ms)[0m  [1m[34mSELECT "schema_migrations"."version" FROM "schema_migrations" ORDER BY "schema_migrations"."version" ASC /*application='DigitalAssetsMarket'*/[0m
Started GET "/" for ::1 at 2025-07-04 16:51:15 +0700
  [1m[36mActiveRecord::SchemaMigration Load (0.7ms)[0m  [1m[34mSELECT "schema_migrations"."version" FROM "schema_migrations" ORDER BY "schema_migrations"."version" ASC /*application='DigitalAssetsMarket'*/[0m
  
ActiveRecord::PendingMigrationError (

Migrations are pending. To resolve this issue, run:

        bin/rails db:migrate

You have 1 pending migration:

db/migrate/20250704094338_create_assets.rb


):
  
activerecord (8.0.2) lib/active_record/migration.rb:743:in `check_pending_migrations'
activerecord (8.0.2) lib/active_record/migration.rb:660:in `block (2 levels) in call'
activesupport (8.0.2) lib/active_support/file_update_checker.rb:85:in `execute'
activerecord (8.0.2) lib/active_record/migration.rb:665:in `block in call'
activerecord (8.0.2) lib/active_record/migration.rb:657:in `synchronize'
activerecord (8.0.2) lib/active_record/migration.rb:657:in `call'
actionpack (8.0.2) lib/action_dispatch/middleware/callbacks.rb:31:in `block in call'
activesupport (8.0.2) lib/active_support/callbacks.rb:100:in `run_callbacks'
actionpack (8.0.2) lib/action_dispatch/middleware/callbacks.rb:30:in `call'
actionpack (8.0.2) lib/action_dispatch/middleware/executor.rb:16:in `call'
actionpack (8.0.2) lib/action_dispatch/middleware/actionable_exceptions.rb:18:in `call'
actionpack (8.0.2) lib/action_dispatch/middleware/debug_exceptions.rb:31:in `call'
web-console (4.2.1) lib/web_console/middleware.rb:132:in `call_app'
web-console (4.2.1) lib/web_console/middleware.rb:28:in `block in call'
web-console (4.2.1) lib/web_console/middleware.rb:17:in `catch'
web-console (4.2.1) lib/web_console/middleware.rb:17:in `call'
actionpack (8.0.2) lib/action_dispatch/middleware/show_exceptions.rb:32:in `call'
railties (8.0.2) lib/rails/rack/logger.rb:41:in `call_app'
railties (8.0.2) lib/rails/rack/logger.rb:29:in `call'
actionpack (8.0.2) lib/action_dispatch/middleware/remote_ip.rb:96:in `call'
actionpack (8.0.2) lib/action_dispatch/middleware/request_id.rb:34:in `call'
rack (3.1.16) lib/rack/method_override.rb:28:in `call'
rack (3.1.16) lib/rack/runtime.rb:24:in `call'
actionpack (8.0.2) lib/action_dispatch/middleware/server_timing.rb:61:in `block in call'
actionpack (8.0.2) lib/action_dispatch/middleware/server_timing.rb:26:in `collect_events'
actionpack (8.0.2) lib/action_dispatch/middleware/server_timing.rb:60:in `call'
actionpack (8.0.2) lib/action_dispatch/middleware/executor.rb:16:in `call'
actionpack (8.0.2) lib/action_dispatch/middleware/static.rb:27:in `call'
rack (3.1.16) lib/rack/sendfile.rb:114:in `call'
actionpack (8.0.2) lib/action_dispatch/middleware/host_authorization.rb:143:in `call'
railties (8.0.2) lib/rails/engine.rb:535:in `call'
puma (6.6.0) lib/puma/configuration.rb:279:in `call'
puma (6.6.0) lib/puma/request.rb:99:in `block in handle_request'
puma (6.6.0) lib/puma/thread_pool.rb:390:in `with_force_shutdown'
puma (6.6.0) lib/puma/request.rb:98:in `handle_request'
puma (6.6.0) lib/puma/server.rb:472:in `process_client'
puma (6.6.0) lib/puma/server.rb:254:in `block in run'
puma (6.6.0) lib/puma/thread_pool.rb:167:in `block in spawn_thread'
Started GET "/favicon.ico" for ::1 at 2025-07-04 16:51:15 +0700
  [1m[36mActiveRecord::SchemaMigration Load (0.3ms)[0m  [1m[34mSELECT "schema_migrations"."version" FROM "schema_migrations" ORDER BY "schema_migrations"."version" ASC /*application='DigitalAssetsMarket'*/[0m
  
ActiveRecord::PendingMigrationError (

Migrations are pending. To resolve this issue, run:

        bin/rails db:migrate

You have 1 pending migration:

db/migrate/20250704094338_create_assets.rb


):
  
activerecord (8.0.2) lib/active_record/migration.rb:743:in `check_pending_migrations'
activerecord (8.0.2) lib/active_record/migration.rb:660:in `block (2 levels) in call'
activesupport (8.0.2) lib/active_support/file_update_checker.rb:85:in `execute'
activerecord (8.0.2) lib/active_record/migration.rb:665:in `block in call'
activerecord (8.0.2) lib/active_record/migration.rb:657:in `synchronize'
activerecord (8.0.2) lib/active_record/migration.rb:657:in `call'
actionpack (8.0.2) lib/action_dispatch/middleware/callbacks.rb:31:in `block in call'
activesupport (8.0.2) lib/active_support/callbacks.rb:100:in `run_callbacks'
actionpack (8.0.2) lib/action_dispatch/middleware/callbacks.rb:30:in `call'
actionpack (8.0.2) lib/action_dispatch/middleware/executor.rb:16:in `call'
actionpack (8.0.2) lib/action_dispatch/middleware/actionable_exceptions.rb:18:in `call'
actionpack (8.0.2) lib/action_dispatch/middleware/debug_exceptions.rb:31:in `call'
web-console (4.2.1) lib/web_console/middleware.rb:132:in `call_app'
web-console (4.2.1) lib/web_console/middleware.rb:28:in `block in call'
web-console (4.2.1) lib/web_console/middleware.rb:17:in `catch'
web-console (4.2.1) lib/web_console/middleware.rb:17:in `call'
actionpack (8.0.2) lib/action_dispatch/middleware/show_exceptions.rb:32:in `call'
railties (8.0.2) lib/rails/rack/logger.rb:41:in `call_app'
railties (8.0.2) lib/rails/rack/logger.rb:29:in `call'
actionpack (8.0.2) lib/action_dispatch/middleware/remote_ip.rb:96:in `call'
actionpack (8.0.2) lib/action_dispatch/middleware/request_id.rb:34:in `call'
rack (3.1.16) lib/rack/method_override.rb:28:in `call'
rack (3.1.16) lib/rack/runtime.rb:24:in `call'
actionpack (8.0.2) lib/action_dispatch/middleware/server_timing.rb:61:in `block in call'
actionpack (8.0.2) lib/action_dispatch/middleware/server_timing.rb:26:in `collect_events'
actionpack (8.0.2) lib/action_dispatch/middleware/server_timing.rb:60:in `call'
actionpack (8.0.2) lib/action_dispatch/middleware/executor.rb:16:in `call'
actionpack (8.0.2) lib/action_dispatch/middleware/static.rb:27:in `call'
rack (3.1.16) lib/rack/sendfile.rb:114:in `call'
actionpack (8.0.2) lib/action_dispatch/middleware/host_authorization.rb:143:in `call'
railties (8.0.2) lib/rails/engine.rb:535:in `call'
puma (6.6.0) lib/puma/configuration.rb:279:in `call'
puma (6.6.0) lib/puma/request.rb:99:in `block in handle_request'
puma (6.6.0) lib/puma/thread_pool.rb:390:in `with_force_shutdown'
puma (6.6.0) lib/puma/request.rb:98:in `handle_request'
puma (6.6.0) lib/puma/server.rb:472:in `process_client'
puma (6.6.0) lib/puma/server.rb:254:in `block in run'
puma (6.6.0) lib/puma/thread_pool.rb:167:in `block in spawn_thread'
  [1m[35m (0.1ms)[0m  [1m[34mSELECT pg_try_advisory_lock(4376807599021120725) /*application='DigitalAssetsMarket'*/[0m
  [1m[36mActiveRecord::SchemaMigration Load (0.5ms)[0m  [1m[34mSELECT "schema_migrations"."version" FROM "schema_migrations" ORDER BY "schema_migrations"."version" ASC /*application='DigitalAssetsMarket'*/[0m
  [1m[36mActiveRecord::InternalMetadata Load (0.4ms)[0m  [1m[34mSELECT * FROM "ar_internal_metadata" WHERE "ar_internal_metadata"."key" = 'environment' ORDER BY "ar_internal_metadata"."key" ASC LIMIT 1 /*application='DigitalAssetsMarket'*/[0m
  [1m[36mActiveRecord::InternalMetadata Create (16.4ms)[0m  [1m[32mINSERT INTO "ar_internal_metadata" ("key", "value", "created_at", "updated_at") VALUES ('environment', 'development', '2025-07-04 09:51:39.363535', '2025-07-04 09:51:39.363538') RETURNING "key" /*application='DigitalAssetsMarket'*/[0m
Migrating to CreateAssets (20250704094338)
  [1m[36mTRANSACTION (0.1ms)[0m  [1m[35mBEGIN /*application='DigitalAssetsMarket'*/[0m
  [1m[35m (62.1ms)[0m  [1m[35mCREATE TABLE "assets" ("id" bigserial primary key, "tite" character varying, "creator" character varying, "description" text, "published_date" date, "created_at" timestamp(6) NOT NULL, "updated_at" timestamp(6) NOT NULL) /*application='DigitalAssetsMarket'*/[0m
  [1m[36mActiveRecord::SchemaMigration Create (1.1ms)[0m  [1m[32mINSERT INTO "schema_migrations" ("version") VALUES ('20250704094338') RETURNING "version" /*application='DigitalAssetsMarket'*/[0m
  [1m[36mTRANSACTION (15.0ms)[0m  [1m[35mCOMMIT /*application='DigitalAssetsMarket'*/[0m
  [1m[35m (0.3ms)[0m  [1m[34mSELECT pg_advisory_unlock(4376807599021120725) /*application='DigitalAssetsMarket'*/[0m
  [1m[36mActiveRecord::SchemaMigration Load (0.2ms)[0m  [1m[34mSELECT "schema_migrations"."version" FROM "schema_migrations" ORDER BY "schema_migrations"."version" ASC /*application='DigitalAssetsMarket'*/[0m
Started GET "/" for ::1 at 2025-07-04 16:51:43 +0700
  [1m[36mActiveRecord::SchemaMigration Load (0.5ms)[0m  [1m[34mSELECT "schema_migrations"."version" FROM "schema_migrations" ORDER BY "schema_migrations"."version" ASC /*application='DigitalAssetsMarket'*/[0m
Processing by Rails::WelcomeController#index as HTML
  Rendering /home/hlty/.rbenv/versions/3.2.2/lib/ruby/gems/3.2.0/gems/railties-8.0.2/lib/rails/templates/rails/welcome/index.html.erb
  Rendered /home/hlty/.rbenv/versions/3.2.2/lib/ruby/gems/3.2.0/gems/railties-8.0.2/lib/rails/templates/rails/welcome/index.html.erb (Duration: 0.5ms | GC: 0.0ms)
Completed 200 OK in 17ms (Views: 1.8ms | ActiveRecord: 0.0ms (0 queries, 0 cached) | GC: 0.3ms)


Started GET "/assets" for ::1 at 2025-07-04 16:51:52 +0700
Started GET "/favicon.ico" for ::1 at 2025-07-04 16:51:53 +0700
  
ActionController::RoutingError (No route matches [GET] "/favicon.ico"):
  
Started GET "/asset" for ::1 at 2025-07-04 16:51:55 +0700
  
ActionController::RoutingError (No route matches [GET] "/asset"):
  
Started GET "/assets" for ::1 at 2025-07-04 16:52:23 +0700
Started GET "/up" for ::1 at 2025-07-04 16:58:01 +0700
Processing by Rails::HealthController#show as HTML
  Rendering html template
  Rendered html template (Duration: 0.1ms | GC: 0.0ms)
Completed 200 OK in 7ms (Views: 1.3ms | ActiveRecord: 0.0ms (0 queries, 0 cached) | GC: 0.0ms)


Started GET "/assets" for ::1 at 2025-07-04 16:58:11 +0700
  [1m[35m (0.1ms)[0m  [1m[34mSELECT pg_try_advisory_lock(4376807599021120725) /*application='DigitalAssetsMarket'*/[0m
  [1m[36mActiveRecord::SchemaMigration Load (0.4ms)[0m  [1m[34mSELECT "schema_migrations"."version" FROM "schema_migrations" ORDER BY "schema_migrations"."version" ASC /*application='DigitalAssetsMarket'*/[0m
  [1m[36mActiveRecord::InternalMetadata Load (0.4ms)[0m  [1m[34mSELECT * FROM "ar_internal_metadata" WHERE "ar_internal_metadata"."key" = 'environment' ORDER BY "ar_internal_metadata"."key" ASC LIMIT 1 /*application='DigitalAssetsMarket'*/[0m
  [1m[35m (0.2ms)[0m  [1m[34mSELECT pg_advisory_unlock(4376807599021120725) /*application='DigitalAssetsMarket'*/[0m
  [1m[36mActiveRecord::SchemaMigration Load (0.1ms)[0m  [1m[34mSELECT "schema_migrations"."version" FROM "schema_migrations" ORDER BY "schema_migrations"."version" ASC /*application='DigitalAssetsMarket'*/[0m
  [1m[36mAsset Load (17.3ms)[0m  [1m[34mSELECT "assets".* FROM "assets" /* loading for pp */ LIMIT 11 /*application='DigitalAssetsMarket'*/[0m
Started GET "/assets" for ::1 at 2025-07-04 17:21:52 +0700
  [1m[36mActiveRecord::SchemaMigration Load (0.4ms)[0m  [1m[34mSELECT "schema_migrations"."version" FROM "schema_migrations" ORDER BY "schema_migrations"."version" ASC /*application='DigitalAssetsMarket'*/[0m
Started GET "/" for 127.0.0.1 at 2025-07-04 17:22:05 +0700
Processing by Rails::WelcomeController#index as HTML
  Rendering /home/hlty/.rbenv/versions/3.2.2/lib/ruby/gems/3.2.0/gems/railties-8.0.2/lib/rails/templates/rails/welcome/index.html.erb
  Rendered /home/hlty/.rbenv/versions/3.2.2/lib/ruby/gems/3.2.0/gems/railties-8.0.2/lib/rails/templates/rails/welcome/index.html.erb (Duration: 2.3ms | GC: 1.7ms)
Completed 200 OK in 26ms (Views: 5.7ms | ActiveRecord: 0.0ms (0 queries, 0 cached) | GC: 10.0ms)


Started GET "/assets" for 127.0.0.1 at 2025-07-04 17:22:10 +0700
Started GET "/favicon.ico" for 127.0.0.1 at 2025-07-04 17:22:10 +0700
  
ActionController::RoutingError (No route matches [GET] "/favicon.ico"):
  
Started GET "/assets" for 127.0.0.1 at 2025-07-04 17:23:55 +0700
Started GET "/assets" for 127.0.0.1 at 2025-07-04 17:23:56 +0700
Started GET "/assets" for 127.0.0.1 at 2025-07-04 17:23:56 +0700
  [1m[35mSQL (0.1ms)[0m  [1m[35mSET search_path TO public /*application='DigitalAssetsMarket'*/[0m
  [1m[35m (24.6ms)[0m  [1m[35mCREATE DATABASE "digital_assets_market" ENCODING = 'unicode' /*application='DigitalAssetsMarket'*/[0m
  [1m[35mSQL (0.1ms)[0m  [1m[35mSET search_path TO public /*application='DigitalAssetsMarket'*/[0m
  [1m[35m (17.7ms)[0m  [1m[35mCREATE DATABASE "digital_assets_market" ENCODING = 'unicode' /*application='DigitalAssetsMarket'*/[0m
  [1m[35m (0.2ms)[0m  [1m[34mSELECT pg_try_advisory_lock(4376807599021120725) /*application='DigitalAssetsMarket'*/[0m
  [1m[36mActiveRecord::SchemaMigration Load (0.5ms)[0m  [1m[34mSELECT "schema_migrations"."version" FROM "schema_migrations" ORDER BY "schema_migrations"."version" ASC /*application='DigitalAssetsMarket'*/[0m
  [1m[36mActiveRecord::InternalMetadata Load (0.4ms)[0m  [1m[34mSELECT * FROM "ar_internal_metadata" WHERE "ar_internal_metadata"."key" = 'environment' ORDER BY "ar_internal_metadata"."key" ASC LIMIT 1 /*application='DigitalAssetsMarket'*/[0m
  [1m[35m (0.2ms)[0m  [1m[34mSELECT pg_advisory_unlock(4376807599021120725) /*application='DigitalAssetsMarket'*/[0m
  [1m[36mActiveRecord::SchemaMigration Load (0.1ms)[0m  [1m[34mSELECT "schema_migrations"."version" FROM "schema_migrations" ORDER BY "schema_migrations"."version" ASC /*application='DigitalAssetsMarket'*/[0m
  [1m[35mSQL (0.1ms)[0m  [1m[35mSET search_path TO public /*application='DigitalAssetsMarket'*/[0m
  [1m[35m (16.9ms)[0m  [1m[35mCREATE DATABASE "digital_assets_market" ENCODING = 'unicode' /*application='DigitalAssetsMarket'*/[0m
  [1m[35mSQL (0.1ms)[0m  [1m[35mSET search_path TO public /*application='DigitalAssetsMarket'*/[0m
  [1m[35m (16.4ms)[0m  [1m[35mCREATE DATABASE "digital_assets_market" ENCODING = 'unicode' /*application='DigitalAssetsMarket'*/[0m
  [1m[36mActiveRecord::SchemaMigration Load (0.5ms)[0m  [1m[34mSELECT "schema_migrations"."version" FROM "schema_migrations" ORDER BY "schema_migrations"."version" ASC /*application='DigitalAssetsMarket'*/[0m
  [1m[36mActiveRecord::InternalMetadata Load (0.5ms)[0m  [1m[34mSELECT * FROM "ar_internal_metadata" WHERE "ar_internal_metadata"."key" = 'environment' ORDER BY "ar_internal_metadata"."key" ASC LIMIT 1 /*application='DigitalAssetsMarket'*/[0m
  [1m[36mActiveRecord::SchemaMigration Load (0.2ms)[0m  [1m[34mSELECT "schema_migrations"."version" FROM "schema_migrations" ORDER BY "schema_migrations"."version" ASC /*application='DigitalAssetsMarket'*/[0m
  [1m[36mActiveRecord::InternalMetadata Load (0.3ms)[0m  [1m[34mSELECT * FROM "ar_internal_metadata" WHERE "ar_internal_metadata"."key" = 'environment' ORDER BY "ar_internal_metadata"."key" ASC LIMIT 1 /*application='DigitalAssetsMarket'*/[0m
  [1m[36mActiveRecord::SchemaMigration Load (0.2ms)[0m  [1m[34mSELECT "schema_migrations"."version" FROM "schema_migrations" ORDER BY "schema_migrations"."version" ASC /*application='DigitalAssetsMarket'*/[0m
  [1m[36mActiveRecord::InternalMetadata Load (0.2ms)[0m  [1m[34mSELECT * FROM "ar_internal_metadata" WHERE "ar_internal_metadata"."key" = 'environment' ORDER BY "ar_internal_metadata"."key" ASC LIMIT 1 /*application='DigitalAssetsMarket'*/[0m
  [1m[35mSQL (0.8ms)[0m  [1m[35mCREATE EXTENSION IF NOT EXISTS "plpgsql" SCHEMA pg_catalog /*application='DigitalAssetsMarket'*/[0m
  [1m[35m (3.0ms)[0m  [1m[35mDROP TABLE IF EXISTS "assets" CASCADE /*application='DigitalAssetsMarket'*/[0m
  [1m[35m (73.0ms)[0m  [1m[35mCREATE TABLE "assets" ("id" bigserial primary key, "tite" character varying, "creator" character varying, "description" text, "published_date" date, "created_at" timestamp(6) NOT NULL, "updated_at" timestamp(6) NOT NULL) /*application='DigitalAssetsMarket'*/[0m
  [1m[36mActiveRecord::SchemaMigration Load (0.7ms)[0m  [1m[34mSELECT "schema_migrations"."version" FROM "schema_migrations" ORDER BY "schema_migrations"."version" ASC /*application='DigitalAssetsMarket'*/[0m
  [1m[36mActiveRecord::InternalMetadata Load (0.8ms)[0m  [1m[34mSELECT * FROM "ar_internal_metadata" WHERE "ar_internal_metadata"."key" = 'environment' ORDER BY "ar_internal_metadata"."key" ASC LIMIT 1 /*application='DigitalAssetsMarket'*/[0m
  [1m[36mActiveRecord::InternalMetadata Load (0.8ms)[0m  [1m[34mSELECT * FROM "ar_internal_metadata" WHERE "ar_internal_metadata"."key" = 'environment' ORDER BY "ar_internal_metadata"."key" ASC LIMIT 1 /*application='DigitalAssetsMarket'*/[0m
  [1m[36mActiveRecord::InternalMetadata Load (0.7ms)[0m  [1m[34mSELECT * FROM "ar_internal_metadata" WHERE "ar_internal_metadata"."key" = 'schema_sha1' ORDER BY "ar_internal_metadata"."key" ASC LIMIT 1 /*application='DigitalAssetsMarket'*/[0m
  [1m[36mActiveRecord::InternalMetadata Create (14.3ms)[0m  [1m[32mINSERT INTO "ar_internal_metadata" ("key", "value", "created_at", "updated_at") VALUES ('schema_sha1', '68ae54645b2c738c3821d99bed6e76003ff9cf98', '2025-07-04 10:24:32.177492', '2025-07-04 10:24:32.177500') RETURNING "key" /*application='DigitalAssetsMarket'*/[0m
  [1m[35mSQL (23.9ms)[0m  [1m[35mCREATE EXTENSION IF NOT EXISTS "plpgsql" SCHEMA pg_catalog /*application='DigitalAssetsMarket'*/[0m
  [1m[35m (2.8ms)[0m  [1m[35mDROP TABLE IF EXISTS "assets" CASCADE /*application='DigitalAssetsMarket'*/[0m
  [1m[35m (45.8ms)[0m  [1m[35mCREATE TABLE "assets" ("id" bigserial primary key, "tite" character varying, "creator" character varying, "description" text, "published_date" date, "created_at" timestamp(6) NOT NULL, "updated_at" timestamp(6) NOT NULL) /*application='DigitalAssetsMarket'*/[0m
  [1m[36mActiveRecord::SchemaMigration Load (1.5ms)[0m  [1m[34mSELECT "schema_migrations"."version" FROM "schema_migrations" ORDER BY "schema_migrations"."version" ASC /*application='DigitalAssetsMarket'*/[0m
  [1m[36mActiveRecord::InternalMetadata Load (1.7ms)[0m  [1m[34mSELECT * FROM "ar_internal_metadata" WHERE "ar_internal_metadata"."key" = 'environment' ORDER BY "ar_internal_metadata"."key" ASC LIMIT 1 /*application='DigitalAssetsMarket'*/[0m
  [1m[36mActiveRecord::InternalMetadata Load (0.8ms)[0m  [1m[34mSELECT * FROM "ar_internal_metadata" WHERE "ar_internal_metadata"."key" = 'environment' ORDER BY "ar_internal_metadata"."key" ASC LIMIT 1 /*application='DigitalAssetsMarket'*/[0m
  [1m[36mActiveRecord::InternalMetadata Update (3.0ms)[0m  [1m[33mUPDATE "ar_internal_metadata" SET "value" = 'test', "updated_at" = '2025-07-04 10:24:32.298843' WHERE "ar_internal_metadata"."key" = 'environment' /*application='DigitalAssetsMarket'*/[0m
  [1m[36mActiveRecord::InternalMetadata Load (0.9ms)[0m  [1m[34mSELECT * FROM "ar_internal_metadata" WHERE "ar_internal_metadata"."key" = 'schema_sha1' ORDER BY "ar_internal_metadata"."key" ASC LIMIT 1 /*application='DigitalAssetsMarket'*/[0m
  [1m[36mActiveRecord::SchemaMigration Load (0.5ms)[0m  [1m[34mSELECT "schema_migrations"."version" FROM "schema_migrations" ORDER BY "schema_migrations"."version" ASC /*application='DigitalAssetsMarket'*/[0m
Started GET "/assets" for 127.0.0.1 at 2025-07-04 17:24:35 +0700
  [1m[36mTRANSACTION (0.1ms)[0m  [1m[35mBEGIN /*application='DigitalAssetsMarket'*/[0m
  [1m[36mAsset Create (0.9ms)[0m  [1m[32mINSERT INTO "assets" ("tite", "creator", "description", "published_date", "created_at", "updated_at") VALUES ('Title sample 1', 'Creator 1', NULL, NULL, '2025-07-04 10:28:08.531050', '2025-07-04 10:28:08.531050') RETURNING "id" /*application='DigitalAssetsMarket'*/[0m
  [1m[36mTRANSACTION (16.5ms)[0m  [1m[35mCOMMIT /*application='DigitalAssetsMarket'*/[0m
Started GET "/assets" for 127.0.0.1 at 2025-07-04 17:28:17 +0700
Started GET "/assets" for 127.0.0.1 at 2025-07-04 17:28:18 +0700
Started GET "/assets" for 127.0.0.1 at 2025-07-04 17:28:18 +0700
Started GET "/assets" for 127.0.0.1 at 2025-07-04 17:28:19 +0700
Started GET "/assets" for 127.0.0.1 at 2025-07-04 17:28:19 +0700
